[0.089s] DEBUG:colcon:Command line arguments: ['/usr/bin/colcon', 'build', '--symlink-install']
[0.089s] DEBUG:colcon:Parsed command line arguments: Namespace(log_base=None, log_level=None, verb_name='build', build_base='build', install_base='install', merge_install=False, symlink_install=True, test_result_base=None, continue_on_error=False, executor='parallel', parallel_workers=8, event_handlers=None, ignore_user_meta=False, metas=['./colcon.meta'], base_paths=['.'], packages_ignore=None, packages_ignore_regex=None, paths=None, packages_up_to=None, packages_up_to_regex=None, packages_above=None, packages_above_and_dependencies=None, packages_above_depth=None, packages_select_by_dep=None, packages_skip_by_dep=None, packages_skip_up_to=None, packages_select_build_failed=False, packages_skip_build_finished=False, packages_select_test_failures=False, packages_skip_test_passed=False, packages_select=None, packages_skip=None, packages_select_regex=None, packages_skip_regex=None, packages_start=None, packages_end=None, allow_overriding=[], cmake_args=None, cmake_target=None, cmake_target_skip_unavailable=False, cmake_clean_cache=False, cmake_clean_first=False, cmake_force_configure=False, ament_cmake_args=None, catkin_cmake_args=None, catkin_skip_building_tests=False, verb_parser=<colcon_defaults.argument_parser.defaults.DefaultArgumentsDecorator object at 0x77bcb3387cd0>, verb_extension=<colcon_core.verb.build.BuildVerb object at 0x77bcb34bd150>, main=<bound method BuildVerb.main of <colcon_core.verb.build.BuildVerb object at 0x77bcb34bd150>>)
[0.213s] Level 1:colcon.colcon_core.package_discovery:discover_packages(colcon_meta) check parameters
[0.213s] Level 1:colcon.colcon_core.package_discovery:discover_packages(recursive) check parameters
[0.214s] Level 1:colcon.colcon_core.package_discovery:discover_packages(ignore) check parameters
[0.214s] Level 1:colcon.colcon_core.package_discovery:discover_packages(path) check parameters
[0.214s] Level 1:colcon.colcon_core.package_discovery:discover_packages(colcon_meta) discover
[0.214s] Level 1:colcon.colcon_core.package_discovery:discover_packages(recursive) discover
[0.214s] INFO:colcon.colcon_core.package_discovery:Crawling recursively for packages in '/home/darren-cmyk/cashier_system_ws'
[0.214s] Level 1:colcon.colcon_core.package_identification:_identify(.) by extensions ['ignore', 'ignore_ament_install']
[0.214s] Level 1:colcon.colcon_core.package_identification:_identify(.) by extension 'ignore'
[0.214s] Level 1:colcon.colcon_core.package_identification:_identify(.) by extension 'ignore_ament_install'
[0.214s] Level 1:colcon.colcon_core.package_identification:_identify(.) by extensions ['colcon_pkg']
[0.214s] Level 1:colcon.colcon_core.package_identification:_identify(.) by extension 'colcon_pkg'
[0.214s] Level 1:colcon.colcon_core.package_identification:_identify(.) by extensions ['colcon_meta']
[0.214s] Level 1:colcon.colcon_core.package_identification:_identify(.) by extension 'colcon_meta'
[0.214s] Level 1:colcon.colcon_core.package_identification:_identify(.) by extensions ['ros']
[0.214s] Level 1:colcon.colcon_core.package_identification:_identify(.) by extension 'ros'
[0.225s] Level 1:colcon.colcon_core.package_identification:_identify(.) by extensions ['cmake', 'python']
[0.225s] Level 1:colcon.colcon_core.package_identification:_identify(.) by extension 'cmake'
[0.225s] Level 1:colcon.colcon_core.package_identification:_identify(.) by extension 'python'
[0.225s] Level 1:colcon.colcon_core.package_identification:_identify(.) by extensions ['python_setup_py']
[0.225s] Level 1:colcon.colcon_core.package_identification:_identify(.) by extension 'python_setup_py'
[0.225s] Level 1:colcon.colcon_core.package_identification:_identify(build) by extensions ['ignore', 'ignore_ament_install']
[0.225s] Level 1:colcon.colcon_core.package_identification:_identify(build) by extension 'ignore'
[0.225s] Level 1:colcon.colcon_core.package_identification:_identify(build) ignored
[0.226s] Level 1:colcon.colcon_core.package_identification:_identify(install) by extensions ['ignore', 'ignore_ament_install']
[0.226s] Level 1:colcon.colcon_core.package_identification:_identify(install) by extension 'ignore'
[0.226s] Level 1:colcon.colcon_core.package_identification:_identify(install) ignored
[0.226s] Level 1:colcon.colcon_core.package_identification:_identify(log) by extensions ['ignore', 'ignore_ament_install']
[0.226s] Level 1:colcon.colcon_core.package_identification:_identify(log) by extension 'ignore'
[0.226s] Level 1:colcon.colcon_core.package_identification:_identify(log) ignored
[0.226s] Level 1:colcon.colcon_core.package_identification:_identify(src) by extensions ['ignore', 'ignore_ament_install']
[0.226s] Level 1:colcon.colcon_core.package_identification:_identify(src) by extension 'ignore'
[0.226s] Level 1:colcon.colcon_core.package_identification:_identify(src) by extension 'ignore_ament_install'
[0.226s] Level 1:colcon.colcon_core.package_identification:_identify(src) by extensions ['colcon_pkg']
[0.226s] Level 1:colcon.colcon_core.package_identification:_identify(src) by extension 'colcon_pkg'
[0.226s] Level 1:colcon.colcon_core.package_identification:_identify(src) by extensions ['colcon_meta']
[0.226s] Level 1:colcon.colcon_core.package_identification:_identify(src) by extension 'colcon_meta'
[0.226s] Level 1:colcon.colcon_core.package_identification:_identify(src) by extensions ['ros']
[0.226s] Level 1:colcon.colcon_core.package_identification:_identify(src) by extension 'ros'
[0.226s] Level 1:colcon.colcon_core.package_identification:_identify(src) by extensions ['cmake', 'python']
[0.226s] Level 1:colcon.colcon_core.package_identification:_identify(src) by extension 'cmake'
[0.226s] Level 1:colcon.colcon_core.package_identification:_identify(src) by extension 'python'
[0.226s] Level 1:colcon.colcon_core.package_identification:_identify(src) by extensions ['python_setup_py']
[0.226s] Level 1:colcon.colcon_core.package_identification:_identify(src) by extension 'python_setup_py'
[0.226s] Level 1:colcon.colcon_core.package_identification:_identify(src/cashier_system) by extensions ['ignore', 'ignore_ament_install']
[0.226s] Level 1:colcon.colcon_core.package_identification:_identify(src/cashier_system) by extension 'ignore'
[0.226s] Level 1:colcon.colcon_core.package_identification:_identify(src/cashier_system) by extension 'ignore_ament_install'
[0.227s] Level 1:colcon.colcon_core.package_identification:_identify(src/cashier_system) by extensions ['colcon_pkg']
[0.227s] Level 1:colcon.colcon_core.package_identification:_identify(src/cashier_system) by extension 'colcon_pkg'
[0.227s] Level 1:colcon.colcon_core.package_identification:_identify(src/cashier_system) by extensions ['colcon_meta']
[0.227s] Level 1:colcon.colcon_core.package_identification:_identify(src/cashier_system) by extension 'colcon_meta'
[0.227s] Level 1:colcon.colcon_core.package_identification:_identify(src/cashier_system) by extensions ['ros']
[0.227s] Level 1:colcon.colcon_core.package_identification:_identify(src/cashier_system) by extension 'ros'
[0.229s] DEBUG:colcon.colcon_core.package_identification:Package 'src/cashier_system' with type 'ros.ament_cmake' and name 'cashier_system'
[0.229s] Level 1:colcon.colcon_core.package_discovery:discover_packages(recursive) using defaults
[0.229s] Level 1:colcon.colcon_core.package_discovery:discover_packages(ignore) discover
[0.229s] Level 1:colcon.colcon_core.package_discovery:discover_packages(ignore) using defaults
[0.229s] Level 1:colcon.colcon_core.package_discovery:discover_packages(path) discover
[0.229s] Level 1:colcon.colcon_core.package_discovery:discover_packages(path) using defaults
[0.247s] Level 1:colcon.colcon_core.package_discovery:discover_packages(prefix_path) check parameters
[0.247s] Level 1:colcon.colcon_core.package_discovery:discover_packages(prefix_path) discover
[0.249s] DEBUG:colcon.colcon_installed_package_information.package_discovery:Found 0 installed packages in /home/darren-cmyk/cashier_system_ws/install
[0.249s] DEBUG:colcon.colcon_installed_package_information.package_discovery:Found 1 installed packages in /home/darren-cmyk/ros2_ws/install
[0.250s] DEBUG:colcon.colcon_installed_package_information.package_discovery:Found 270 installed packages in /opt/ros/humble
[0.251s] Level 1:colcon.colcon_core.package_discovery:discover_packages(prefix_path) using defaults
[0.291s] Level 5:colcon.colcon_core.verb:set package 'cashier_system' build argument 'cmake_args' from command line to 'None'
[0.291s] Level 5:colcon.colcon_core.verb:set package 'cashier_system' build argument 'cmake_target' from command line to 'None'
[0.291s] Level 5:colcon.colcon_core.verb:set package 'cashier_system' build argument 'cmake_target_skip_unavailable' from command line to 'False'
[0.291s] Level 5:colcon.colcon_core.verb:set package 'cashier_system' build argument 'cmake_clean_cache' from command line to 'False'
[0.291s] Level 5:colcon.colcon_core.verb:set package 'cashier_system' build argument 'cmake_clean_first' from command line to 'False'
[0.291s] Level 5:colcon.colcon_core.verb:set package 'cashier_system' build argument 'cmake_force_configure' from command line to 'False'
[0.291s] Level 5:colcon.colcon_core.verb:set package 'cashier_system' build argument 'ament_cmake_args' from command line to 'None'
[0.291s] Level 5:colcon.colcon_core.verb:set package 'cashier_system' build argument 'catkin_cmake_args' from command line to 'None'
[0.291s] Level 5:colcon.colcon_core.verb:set package 'cashier_system' build argument 'catkin_skip_building_tests' from command line to 'False'
[0.291s] DEBUG:colcon.colcon_core.verb:Building package 'cashier_system' with the following arguments: {'ament_cmake_args': None, 'build_base': '/home/darren-cmyk/cashier_system_ws/build/cashier_system', 'catkin_cmake_args': None, 'catkin_skip_building_tests': False, 'cmake_args': None, 'cmake_clean_cache': False, 'cmake_clean_first': False, 'cmake_force_configure': False, 'cmake_target': None, 'cmake_target_skip_unavailable': False, 'install_base': '/home/darren-cmyk/cashier_system_ws/install/cashier_system', 'merge_install': False, 'path': '/home/darren-cmyk/cashier_system_ws/src/cashier_system', 'symlink_install': True, 'test_result_base': None}
[0.291s] INFO:colcon.colcon_core.executor:Executing jobs using 'parallel' executor
[0.292s] DEBUG:colcon.colcon_parallel_executor.executor.parallel:run_until_complete
[0.292s] INFO:colcon.colcon_ros.task.ament_cmake.build:Building ROS package in '/home/darren-cmyk/cashier_system_ws/src/cashier_system' with build type 'ament_cmake'
[0.292s] INFO:colcon.colcon_cmake.task.cmake.build:Building CMake package in '/home/darren-cmyk/cashier_system_ws/src/cashier_system'
[0.294s] INFO:colcon.colcon_core.plugin_system:Skipping extension 'colcon_core.shell.bat': Not used on non-Windows systems
[0.294s] INFO:colcon.colcon_core.shell:Skip shell extension 'powershell' for command environment: Not usable outside of PowerShell
[0.294s] DEBUG:colcon.colcon_core.shell:Skip shell extension 'dsv' for command environment
[0.342s] DEBUG:colcon.colcon_core.event_handler.log_command:Invoking command in '/home/darren-cmyk/cashier_system_ws/build/cashier_system': CMAKE_PREFIX_PATH=/home/darren-cmyk/ros2_ws/install/my_robot_controller:/opt/ros/humble /usr/bin/cmake /home/darren-cmyk/cashier_system_ws/src/cashier_system -DAMENT_CMAKE_SYMLINK_INSTALL=1 -DCMAKE_INSTALL_PREFIX=/home/darren-cmyk/cashier_system_ws/install/cashier_system
[1.533s] DEBUG:colcon.colcon_core.event_handler.log_command:Invoked command in '/home/darren-cmyk/cashier_system_ws/build/cashier_system' returned '1': CMAKE_PREFIX_PATH=/home/darren-cmyk/ros2_ws/install/my_robot_controller:/opt/ros/humble /usr/bin/cmake /home/darren-cmyk/cashier_system_ws/src/cashier_system -DAMENT_CMAKE_SYMLINK_INSTALL=1 -DCMAKE_INSTALL_PREFIX=/home/darren-cmyk/cashier_system_ws/install/cashier_system
[1.543s] Level 1:colcon.colcon_core.environment:create_environment_scripts_only(cashier_system)
[1.545s] Level 1:colcon.colcon_core.environment:checking '/home/darren-cmyk/cashier_system_ws/install/cashier_system' for CMake module files
[1.545s] Level 1:colcon.colcon_core.environment:checking '/home/darren-cmyk/cashier_system_ws/install/cashier_system' for CMake config files
[1.545s] Level 1:colcon.colcon_core.environment:checking '/home/darren-cmyk/cashier_system_ws/install/cashier_system/bin'
[1.545s] Level 1:colcon.colcon_core.environment:checking '/home/darren-cmyk/cashier_system_ws/install/cashier_system/lib/pkgconfig/cashier_system.pc'
[1.545s] Level 1:colcon.colcon_core.environment:checking '/home/darren-cmyk/cashier_system_ws/install/cashier_system/lib/python3.10/site-packages'
[1.546s] Level 1:colcon.colcon_core.environment:checking '/home/darren-cmyk/cashier_system_ws/install/cashier_system/bin'
[1.546s] INFO:colcon.colcon_core.shell:Creating package script '/home/darren-cmyk/cashier_system_ws/install/cashier_system/share/cashier_system/package.ps1'
[1.547s] INFO:colcon.colcon_core.shell:Creating package descriptor '/home/darren-cmyk/cashier_system_ws/install/cashier_system/share/cashier_system/package.dsv'
[1.547s] INFO:colcon.colcon_core.shell:Creating package script '/home/darren-cmyk/cashier_system_ws/install/cashier_system/share/cashier_system/package.sh'
[1.548s] INFO:colcon.colcon_core.shell:Creating package script '/home/darren-cmyk/cashier_system_ws/install/cashier_system/share/cashier_system/package.bash'
[1.548s] INFO:colcon.colcon_core.shell:Creating package script '/home/darren-cmyk/cashier_system_ws/install/cashier_system/share/cashier_system/package.zsh'
[1.549s] Level 1:colcon.colcon_core.environment:create_file_with_runtime_dependencies(/home/darren-cmyk/cashier_system_ws/install/cashier_system/share/colcon-core/packages/cashier_system)
[1.559s] DEBUG:colcon.colcon_parallel_executor.executor.parallel:closing loop
[1.559s] DEBUG:colcon.colcon_parallel_executor.executor.parallel:loop closed
[1.559s] DEBUG:colcon.colcon_parallel_executor.executor.parallel:run_until_complete finished with '1'
[1.560s] DEBUG:colcon.colcon_core.event_reactor:joining thread
[1.567s] INFO:colcon.colcon_core.plugin_system:Skipping extension 'colcon_notification.desktop_notification.terminal_notifier': Not used on non-Darwin systems
[1.567s] INFO:colcon.colcon_core.plugin_system:Skipping extension 'colcon_notification.desktop_notification.win32': Not used on non-Windows systems
[1.567s] INFO:colcon.colcon_notification.desktop_notification:Sending desktop notification using 'notify2'
[1.579s] DEBUG:colcon.colcon_core.event_reactor:joined thread
[1.580s] INFO:colcon.colcon_core.shell:Creating prefix script '/home/darren-cmyk/cashier_system_ws/install/local_setup.ps1'
[1.581s] INFO:colcon.colcon_core.shell:Creating prefix util module '/home/darren-cmyk/cashier_system_ws/install/_local_setup_util_ps1.py'
[1.583s] INFO:colcon.colcon_core.shell:Creating prefix chain script '/home/darren-cmyk/cashier_system_ws/install/setup.ps1'
[1.585s] INFO:colcon.colcon_core.shell:Creating prefix script '/home/darren-cmyk/cashier_system_ws/install/local_setup.sh'
[1.586s] INFO:colcon.colcon_core.shell:Creating prefix util module '/home/darren-cmyk/cashier_system_ws/install/_local_setup_util_sh.py'
[1.587s] INFO:colcon.colcon_core.shell:Creating prefix chain script '/home/darren-cmyk/cashier_system_ws/install/setup.sh'
[1.588s] INFO:colcon.colcon_core.shell:Creating prefix script '/home/darren-cmyk/cashier_system_ws/install/local_setup.bash'
[1.588s] INFO:colcon.colcon_core.shell:Creating prefix chain script '/home/darren-cmyk/cashier_system_ws/install/setup.bash'
[1.589s] INFO:colcon.colcon_core.shell:Creating prefix script '/home/darren-cmyk/cashier_system_ws/install/local_setup.zsh'
[1.590s] INFO:colcon.colcon_core.shell:Creating prefix chain script '/home/darren-cmyk/cashier_system_ws/install/setup.zsh'
